<?xml version="1.0" encoding="UTF-8"?>
<!-- Generated by org.testng.reporters.JUnitReportReporter -->
<testsuite skipped="0" hostname="Suryam" name="Delivmeds.Pharmacy_Webapp.Registration" tests="1" failures="0" timestamp="05 Oct 2018 09:12:18 GMT" time="10.555" errors="0">
  <testcase name="pharmacistSignUp" time="10.555" classname="Delivmeds.Pharmacy_Webapp.Registration"/>
</testsuite> <!-- Delivmeds.Pharmacy_Webapp.Registration -->
